#
# There is insufficient memory for the Java Runtime Environment to continue.
# Native memory allocation (malloc) failed to allocate 1163216 bytes for Chunk::new
# Possible reasons:
#   The system is out of physical RAM or swap space
#   The process is running with CompressedOops enabled, and the Java Heap may be blocking the growth of the native heap
# Possible solutions:
#   Reduce memory load on the system
#   Increase physical memory or swap space
#   Check if swap backing store is full
#   Decrease Java heap size (-Xmx/-Xms)
#   Decrease number of Java threads
#   Decrease Java thread stack sizes (-Xss)
#   Set larger code cache with -XX:ReservedCodeCacheSize=
#   JVM is running with Unscaled Compressed Oops mode in which the Java heap is
#     placed in the first 4GB address space. The Java Heap base address is the
#     maximum limit for the native heap growth. Please use -XX:HeapBaseMinAddress
#     to set the Java Heap base and to place the Java Heap above 4GB virtual address.
# This output file may be truncated or incomplete.
#
#  Out of Memory Error (arena.cpp:168), pid=28420, tid=28892
#
# JRE version: Java(TM) SE Runtime Environment (21.0.3+7) (build 21.0.3+7-LTS-152)
# Java VM: Java HotSpot(TM) 64-Bit Server VM (21.0.3+7-LTS-152, mixed mode, sharing, tiered, compressed oops, compressed class ptrs, g1 gc, windows-amd64)
# No core dump will be written. Minidumps are not enabled by default on client versions of Windows
#

---------------  S U M M A R Y ------------

Command Line: -Dcom.sun.management.jmxremote -Dcom.sun.management.jmxremote.port=64021 -Dcom.sun.management.jmxremote.authenticate=false -Dcom.sun.management.jmxremote.ssl=false -Dspring.jmx.enabled=true -Djava.rmi.server.hostname=localhost -Dspring.application.admin.enabled=true -Dspring.boot.project.name=demo -XX:+ShowCodeDetailsInExceptionMessages com.example.demo.BmsApplication

Host: AMD Ryzen 7 5700U with Radeon Graphics         , 16 cores, 7G,  Windows 11 , 64 bit Build 26100 (10.0.26100.4202)
Time: Fri Jun  6 15:45:08 2025 India Standard Time elapsed time: 696.196868 seconds (0d 0h 11m 36s)

---------------  T H R E A D  ---------------

Current thread (0x000001cd2febcd20):  JavaThread "C2 CompilerThread0" daemon [_thread_in_native, id=28892, stack(0x0000006b31c00000,0x0000006b31d00000) (1024K)]


Current CompileTask:
C2: 696197 9760       4       org.springframework.asm.ClassReader::readMethod (1061 bytes)

Stack: [0x0000006b31c00000,0x0000006b31d00000]
Native frames: (J=compiled Java code, j=interpreted, Vv=VM code, C=native code)
V  [jvm.dll+0x6c63b9]
V  [jvm.dll+0x84fa11]
V  [jvm.dll+0x851f3e]
V  [jvm.dll+0x852613]
V  [jvm.dll+0x27cd46]
V  [jvm.dll+0xc4aad]
V  [jvm.dll+0xc4fe3]
V  [jvm.dll+0x3b1d22]
V  [jvm.dll+0x1df0e3]
V  [jvm.dll+0x245c92]
V  [jvm.dll+0x24511f]
V  [jvm.dll+0x1c689e]
V  [jvm.dll+0x254609]
V  [jvm.dll+0x252b9a]
V  [jvm.dll+0x3eb056]
V  [jvm.dll+0x7f9ffb]
V  [jvm.dll+0x6c4a9d]
C  [ucrtbase.dll+0x37b0]
C  [KERNEL32.DLL+0x2e8d7]
C  [ntdll.dll+0x3c34c]


---------------  P R O C E S S  ---------------

Threads class SMR info:
_java_thread_list=0x000001cd3093a1f0, length=21, elements={
0x000001cd2feb3b60, 0x000001cd2feb65d0, 0x000001cd2feb7f30, 0x000001cd2feb8990,
0x000001cd2febb400, 0x000001cd2febbe60, 0x000001cd2febcd20, 0x000001cd2fecb970,
0x000001cd30436910, 0x000001cd3050cb10, 0x000001cd309c02d0, 0x000001cd30bf2d20,
0x000001cd309f9ac0, 0x000001cd79dd11d0, 0x000001cd79dd0b40, 0x000001cd7ac9c7f0,
0x000001cd7ac9ef50, 0x000001cd7ac9dba0, 0x000001cd76be9280, 0x000001cd76be9fa0,
0x000001cd76be9910
}

Java Threads: ( => current thread )
  0x000001cd2feb3b60 JavaThread "Reference Handler"          daemon [_thread_blocked, id=30116, stack(0x0000006b31600000,0x0000006b31700000) (1024K)]
  0x000001cd2feb65d0 JavaThread "Finalizer"                  daemon [_thread_blocked, id=10216, stack(0x0000006b31700000,0x0000006b31800000) (1024K)]
  0x000001cd2feb7f30 JavaThread "Signal Dispatcher"          daemon [_thread_blocked, id=12512, stack(0x0000006b31800000,0x0000006b31900000) (1024K)]
  0x000001cd2feb8990 JavaThread "Attach Listener"            daemon [_thread_blocked, id=20392, stack(0x0000006b31900000,0x0000006b31a00000) (1024K)]
  0x000001cd2febb400 JavaThread "Service Thread"             daemon [_thread_blocked, id=17448, stack(0x0000006b31a00000,0x0000006b31b00000) (1024K)]
  0x000001cd2febbe60 JavaThread "Monitor Deflation Thread"   daemon [_thread_blocked, id=27228, stack(0x0000006b31b00000,0x0000006b31c00000) (1024K)]
=>0x000001cd2febcd20 JavaThread "C2 CompilerThread0"         daemon [_thread_in_native, id=28892, stack(0x0000006b31c00000,0x0000006b31d00000) (1024K)]
  0x000001cd2fecb970 JavaThread "C1 CompilerThread0"         daemon [_thread_blocked, id=1236, stack(0x0000006b31d00000,0x0000006b31e00000) (1024K)]
  0x000001cd30436910 JavaThread "Common-Cleaner"             daemon [_thread_blocked, id=860, stack(0x0000006b31e00000,0x0000006b31f00000) (1024K)]
  0x000001cd3050cb10 JavaThread "Notification Thread"        daemon [_thread_blocked, id=20132, stack(0x0000006b32200000,0x0000006b32300000) (1024K)]
  0x000001cd309c02d0 JavaThread "RMI TCP Accept-0"           daemon [_thread_in_native, id=19988, stack(0x0000006b32500000,0x0000006b32600000) (1024K)]
  0x000001cd30bf2d20 JavaThread "RMI TCP Accept-64021"       daemon [_thread_in_native, id=28860, stack(0x0000006b32600000,0x0000006b32700000) (1024K)]
  0x000001cd309f9ac0 JavaThread "RMI TCP Accept-0"           daemon [_thread_in_native, id=20140, stack(0x0000006b32700000,0x0000006b32800000) (1024K)]
  0x000001cd79dd11d0 JavaThread "mysql-cj-abandoned-connection-cleanup" daemon [_thread_blocked, id=21592, stack(0x0000006b33b00000,0x0000006b33c00000) (1024K)]
  0x000001cd79dd0b40 JavaThread "Live Reload Server"         daemon [_thread_in_native, id=16344, stack(0x0000006b34100000,0x0000006b34200000) (1024K)]
  0x000001cd7ac9c7f0 JavaThread "DestroyJavaVM"                     [_thread_blocked, id=16568, stack(0x0000006b30e00000,0x0000006b30f00000) (1024K)]
  0x000001cd7ac9ef50 JavaThread "File Watcher"               daemon [_thread_blocked, id=8380, stack(0x0000006b30c00000,0x0000006b30d00000) (1024K)]
  0x000001cd7ac9dba0 JavaThread "File Watcher"               daemon [_thread_blocked, id=13372, stack(0x0000006b32000000,0x0000006b32100000) (1024K)]
  0x000001cd76be9280 JavaThread "Thread-7"                          [_thread_blocked, id=9160, stack(0x0000006b30b00000,0x0000006b30c00000) (1024K)]
  0x000001cd76be9fa0 JavaThread "File Watcher"               daemon [_thread_blocked, id=33412, stack(0x0000006b30d00000,0x0000006b30e00000) (1024K)]
  0x000001cd76be9910 JavaThread "restartedMain"                     [_thread_in_Java, id=3624, stack(0x0000006b32100000,0x0000006b32200000) (1024K)]
Total: 21

Other Threads:
  0x000001cd2fe93b70 VMThread "VM Thread"                           [id=21764, stack(0x0000006b31500000,0x0000006b31600000) (1024K)]
  0x000001cd2fe7ed00 WatcherThread "VM Periodic Task Thread"        [id=26376, stack(0x0000006b31400000,0x0000006b31500000) (1024K)]
  0x000001cd110e9e50 WorkerThread "GC Thread#0"                     [id=2440, stack(0x0000006b30f00000,0x0000006b31000000) (1024K)]
  0x000001cd7645b3c0 WorkerThread "GC Thread#1"                     [id=9968, stack(0x0000006b32800000,0x0000006b32900000) (1024K)]
  0x000001cd76390670 WorkerThread "GC Thread#2"                     [id=19284, stack(0x0000006b32900000,0x0000006b32a00000) (1024K)]
  0x000001cd763fbf60 WorkerThread "GC Thread#3"                     [id=29300, stack(0x0000006b32a00000,0x0000006b32b00000) (1024K)]
  0x000001cd764f03b0 WorkerThread "GC Thread#4"                     [id=4184, stack(0x0000006b32b00000,0x0000006b32c00000) (1024K)]
  0x000001cd764f0b50 WorkerThread "GC Thread#5"                     [id=9492, stack(0x0000006b32c00000,0x0000006b32d00000) (1024K)]
  0x000001cd764f0ef0 WorkerThread "GC Thread#6"                     [id=1248, stack(0x0000006b32d00000,0x0000006b32e00000) (1024K)]
  0x000001cd764f1290 WorkerThread "GC Thread#7"                     [id=3156, stack(0x0000006b32e00000,0x0000006b32f00000) (1024K)]
  0x000001cd763c1a00 WorkerThread "GC Thread#8"                     [id=4176, stack(0x0000006b32f00000,0x0000006b33000000) (1024K)]
  0x000001cd76ccec30 WorkerThread "GC Thread#9"                     [id=26680, stack(0x0000006b33300000,0x0000006b33400000) (1024K)]
  0x000001cd768a93e0 WorkerThread "GC Thread#10"                    [id=30248, stack(0x0000006b33400000,0x0000006b33500000) (1024K)]
  0x000001cd770a3fe0 WorkerThread "GC Thread#11"                    [id=16256, stack(0x0000006b33500000,0x0000006b33600000) (1024K)]
  0x000001cd770a4380 WorkerThread "GC Thread#12"                    [id=10468, stack(0x0000006b33600000,0x0000006b33700000) (1024K)]
  0x000001cd11116c90 ConcurrentGCThread "G1 Main Marker"            [id=14616, stack(0x0000006b31000000,0x0000006b31100000) (1024K)]
  0x000001cd11117790 WorkerThread "G1 Conc#0"                       [id=25884, stack(0x0000006b31100000,0x0000006b31200000) (1024K)]
  0x000001cd770a4720 WorkerThread "G1 Conc#1"                       [id=13976, stack(0x0000006b33700000,0x0000006b33800000) (1024K)]
  0x000001cd770a2dc0 WorkerThread "G1 Conc#2"                       [id=22716, stack(0x0000006b33800000,0x0000006b33900000) (1024K)]
  0x000001cd2fd4a770 ConcurrentGCThread "G1 Refine#0"               [id=17376, stack(0x0000006b31200000,0x0000006b31300000) (1024K)]
  0x000001cd2fd4fac0 ConcurrentGCThread "G1 Service"                [id=8580, stack(0x0000006b31300000,0x0000006b31400000) (1024K)]
Total: 21

Threads with active compile tasks:
C2 CompilerThread0   696306 9760       4       org.springframework.asm.ClassReader::readMethod (1061 bytes)
Total: 1

VM state: not at safepoint (normal execution)

VM Mutex/Monitor currently owned by a thread: None

Heap address: 0x000000008ac00000, size: 1876 MB, Compressed Oops mode: 32-bit

CDS archive(s) mapped at: [0x000001cd31000000-0x000001cd31c90000-0x000001cd31c90000), size 13172736, SharedBaseAddress: 0x000001cd31000000, ArchiveRelocationMode: 1.
Compressed class space mapped at: 0x000001cd32000000-0x000001cd72000000, reserved size: 1073741824
Narrow klass base: 0x000001cd31000000, Narrow klass shift: 0, Narrow klass range: 0x100000000

GC Precious Log:
 CardTable entry size: 512
 Card Set container configuration: InlinePtr #cards 5 size 8 Array Of Cards #cards 12 size 40 Howl #buckets 4 coarsen threshold 1843 Howl Bitmap #cards 512 size 80 coarsen threshold 460 Card regions per heap region 1 cards per card region 2048
 CPUs: 16 total, 16 available
 Memory: 7501M
 Large Page Support: Disabled
 NUMA Support: Disabled
 Compressed Oops: Enabled (32-bit)
 Heap Region Size: 1M
 Heap Min Capacity: 8M
 Heap Initial Capacity: 118M
 Heap Max Capacity: 1876M
 Pre-touch: Disabled
 Parallel Workers: 13
 Concurrent Workers: 3
 Concurrent Refinement Workers: 13
 Periodic GC: Disabled

Heap:
 garbage-first heap   total 71680K, used 49830K [0x000000008ac00000, 0x0000000100000000)
  region size 1024K, 24 young (24576K), 3 survivors (3072K)
 Metaspace       used 69974K, committed 70784K, reserved 1114112K
  class space    used 9178K, committed 9536K, reserved 1048576K

Heap Regions: E=young(eden), S=young(survivor), O=old, HS=humongous(starts), HC=humongous(continues), CS=collection set, F=free, TAMS=top-at-mark-start, PB=parsable bottom
|   0|0x000000008ac00000, 0x000000008ad00000, 0x000000008ad00000|100%|HS|  |TAMS 0x000000008ac00000| PB 0x000000008ac00000| Complete 
|   1|0x000000008ad00000, 0x000000008ae00000, 0x000000008ae00000|100%|HS|  |TAMS 0x000000008ad00000| PB 0x000000008ad00000| Complete 
|   2|0x000000008ae00000, 0x000000008af00000, 0x000000008af00000|100%| O|  |TAMS 0x000000008ae00000| PB 0x000000008ae00000| Untracked 
|   3|0x000000008af00000, 0x000000008b000000, 0x000000008b000000|100%| O|  |TAMS 0x000000008af00000| PB 0x000000008af00000| Untracked 
|   4|0x000000008b000000, 0x000000008b100000, 0x000000008b100000|100%| O|  |TAMS 0x000000008b000000| PB 0x000000008b000000| Untracked 
|   5|0x000000008b100000, 0x000000008b1fffe8, 0x000000008b200000| 99%| O|  |TAMS 0x000000008b100000| PB 0x000000008b100000| Untracked 
|   6|0x000000008b200000, 0x000000008b300000, 0x000000008b300000|100%| O|  |TAMS 0x000000008b200000| PB 0x000000008b200000| Untracked 
|   7|0x000000008b300000, 0x000000008b400000, 0x000000008b400000|100%| O|  |TAMS 0x000000008b300000| PB 0x000000008b300000| Untracked 
|   8|0x000000008b400000, 0x000000008b4fffe0, 0x000000008b500000| 99%| O|  |TAMS 0x000000008b400000| PB 0x000000008b400000| Untracked 
|   9|0x000000008b500000, 0x000000008b600000, 0x000000008b600000|100%| O|  |TAMS 0x000000008b500000| PB 0x000000008b500000| Untracked 
|  10|0x000000008b600000, 0x000000008b6fffe8, 0x000000008b700000| 99%| O|  |TAMS 0x000000008b600000| PB 0x000000008b600000| Untracked 
|  11|0x000000008b700000, 0x000000008b7fffe8, 0x000000008b800000| 99%| O|  |TAMS 0x000000008b700000| PB 0x000000008b700000| Untracked 
|  12|0x000000008b800000, 0x000000008b8ffff0, 0x000000008b900000| 99%| O|  |TAMS 0x000000008b800000| PB 0x000000008b800000| Untracked 
|  13|0x000000008b900000, 0x000000008b9fffe8, 0x000000008ba00000| 99%| O|  |TAMS 0x000000008b900000| PB 0x000000008b900000| Untracked 
|  14|0x000000008ba00000, 0x000000008bafffd8, 0x000000008bb00000| 99%| O|  |TAMS 0x000000008ba00000| PB 0x000000008ba00000| Untracked 
|  15|0x000000008bb00000, 0x000000008bbfffe8, 0x000000008bc00000| 99%| O|  |TAMS 0x000000008bb00000| PB 0x000000008bb00000| Untracked 
|  16|0x000000008bc00000, 0x000000008bcfffc0, 0x000000008bd00000| 99%| O|  |TAMS 0x000000008bc00000| PB 0x000000008bc00000| Untracked 
|  17|0x000000008bd00000, 0x000000008bdfff90, 0x000000008be00000| 99%| O|  |TAMS 0x000000008bd00000| PB 0x000000008bd00000| Untracked 
|  18|0x000000008be00000, 0x000000008befffa8, 0x000000008bf00000| 99%| O|  |TAMS 0x000000008be00000| PB 0x000000008be00000| Untracked 
|  19|0x000000008bf00000, 0x000000008bffffe0, 0x000000008c000000| 99%| O|  |TAMS 0x000000008bf00000| PB 0x000000008bf00000| Untracked 
|  20|0x000000008c000000, 0x000000008c0ffff0, 0x000000008c100000| 99%| O|  |TAMS 0x000000008c000000| PB 0x000000008c000000| Untracked 
|  21|0x000000008c100000, 0x000000008c1a08d8, 0x000000008c200000| 62%| O|  |TAMS 0x000000008c100000| PB 0x000000008c100000| Untracked 
|  22|0x000000008c200000, 0x000000008c2ad460, 0x000000008c300000| 67%| O|  |TAMS 0x000000008c200000| PB 0x000000008c200000| Untracked 
|  23|0x000000008c300000, 0x000000008c3ffff8, 0x000000008c400000| 99%| O|  |TAMS 0x000000008c300000| PB 0x000000008c300000| Untracked 
|  24|0x000000008c400000, 0x000000008c4fffd8, 0x000000008c500000| 99%| O|  |TAMS 0x000000008c400000| PB 0x000000008c400000| Untracked 
|  25|0x000000008c500000, 0x000000008c5bb9d0, 0x000000008c600000| 73%| O|  |TAMS 0x000000008c500000| PB 0x000000008c500000| Untracked 
|  26|0x000000008c600000, 0x000000008c6fff80, 0x000000008c700000| 99%| O|  |TAMS 0x000000008c600000| PB 0x000000008c600000| Untracked 
|  27|0x000000008c700000, 0x000000008c700000, 0x000000008c800000|  0%| F|  |TAMS 0x000000008c700000| PB 0x000000008c700000| Untracked 
|  28|0x000000008c800000, 0x000000008c800000, 0x000000008c900000|  0%| F|  |TAMS 0x000000008c800000| PB 0x000000008c800000| Untracked 
|  29|0x000000008c900000, 0x000000008c943fa0, 0x000000008ca00000| 26%| O|  |TAMS 0x000000008c900000| PB 0x000000008c900000| Untracked 
|  30|0x000000008ca00000, 0x000000008ca20118, 0x000000008cb00000| 12%| O|Cm|TAMS 0x000000008ca00000| PB 0x000000008ca00000| Complete 
|  31|0x000000008cb00000, 0x000000008cb00000, 0x000000008cc00000|  0%| F|  |TAMS 0x000000008cb00000| PB 0x000000008cb00000| Untracked 
|  32|0x000000008cc00000, 0x000000008cc3c4a0, 0x000000008cd00000| 23%| O|  |TAMS 0x000000008cc00000| PB 0x000000008cc00000| Untracked 
|  33|0x000000008cd00000, 0x000000008cd00000, 0x000000008ce00000|  0%| F|  |TAMS 0x000000008cd00000| PB 0x000000008cd00000| Untracked 
|  34|0x000000008ce00000, 0x000000008ce00000, 0x000000008cf00000|  0%| F|  |TAMS 0x000000008ce00000| PB 0x000000008ce00000| Untracked 
|  35|0x000000008cf00000, 0x000000008d000000, 0x000000008d000000|100%| S|CS|TAMS 0x000000008cf00000| PB 0x000000008cf00000| Complete 
|  36|0x000000008d000000, 0x000000008d100000, 0x000000008d100000|100%| S|CS|TAMS 0x000000008d000000| PB 0x000000008d000000| Complete 
|  37|0x000000008d100000, 0x000000008d200000, 0x000000008d200000|100%| S|CS|TAMS 0x000000008d100000| PB 0x000000008d100000| Complete 
|  38|0x000000008d200000, 0x000000008d200000, 0x000000008d300000|  0%| F|  |TAMS 0x000000008d200000| PB 0x000000008d200000| Untracked 
|  39|0x000000008d300000, 0x000000008d300000, 0x000000008d400000|  0%| F|  |TAMS 0x000000008d300000| PB 0x000000008d300000| Untracked 
|  40|0x000000008d400000, 0x000000008d400000, 0x000000008d500000|  0%| F|  |TAMS 0x000000008d400000| PB 0x000000008d400000| Untracked 
|  41|0x000000008d500000, 0x000000008d500000, 0x000000008d600000|  0%| F|  |TAMS 0x000000008d500000| PB 0x000000008d500000| Untracked 
|  42|0x000000008d600000, 0x000000008d600000, 0x000000008d700000|  0%| F|  |TAMS 0x000000008d600000| PB 0x000000008d600000| Untracked 
|  43|0x000000008d700000, 0x000000008d700000, 0x000000008d800000|  0%| F|  |TAMS 0x000000008d700000| PB 0x000000008d700000| Untracked 
|  44|0x000000008d800000, 0x000000008d800000, 0x000000008d900000|  0%| F|  |TAMS 0x000000008d800000| PB 0x000000008d800000| Untracked 
|  45|0x000000008d900000, 0x000000008d900000, 0x000000008da00000|  0%| F|  |TAMS 0x000000008d900000| PB 0x000000008d900000| Untracked 
|  46|0x000000008da00000, 0x000000008da00000, 0x000000008db00000|  0%| F|  |TAMS 0x000000008da00000| PB 0x000000008da00000| Untracked 
|  47|0x000000008db00000, 0x000000008db00000, 0x000000008dc00000|  0%| F|  |TAMS 0x000000008db00000| PB 0x000000008db00000| Untracked 
|  48|0x000000008dc00000, 0x000000008dc00000, 0x000000008dd00000|  0%| F|  |TAMS 0x000000008dc00000| PB 0x000000008dc00000| Untracked 
|  49|0x000000008dd00000, 0x000000008dd83578, 0x000000008de00000| 51%| E|  |TAMS 0x000000008dd00000| PB 0x000000008dd00000| Complete 
|  50|0x000000008de00000, 0x000000008df00000, 0x000000008df00000|100%| E|CS|TAMS 0x000000008de00000| PB 0x000000008de00000| Complete 
|  51|0x000000008df00000, 0x000000008e000000, 0x000000008e000000|100%| E|CS|TAMS 0x000000008df00000| PB 0x000000008df00000| Complete 
|  52|0x000000008e000000, 0x000000008e100000, 0x000000008e100000|100%| E|CS|TAMS 0x000000008e000000| PB 0x000000008e000000| Complete 
|  53|0x000000008e100000, 0x000000008e200000, 0x000000008e200000|100%| E|CS|TAMS 0x000000008e100000| PB 0x000000008e100000| Complete 
|  54|0x000000008e200000, 0x000000008e300000, 0x000000008e300000|100%| E|CS|TAMS 0x000000008e200000| PB 0x000000008e200000| Complete 
|  55|0x000000008e300000, 0x000000008e400000, 0x000000008e400000|100%| E|CS|TAMS 0x000000008e300000| PB 0x000000008e300000| Complete 
|  56|0x000000008e400000, 0x000000008e500000, 0x000000008e500000|100%| E|CS|TAMS 0x000000008e400000| PB 0x000000008e400000| Complete 
|  57|0x000000008e500000, 0x000000008e600000, 0x000000008e600000|100%| E|CS|TAMS 0x000000008e500000| PB 0x000000008e500000| Complete 
|  58|0x000000008e600000, 0x000000008e700000, 0x000000008e700000|100%| E|  |TAMS 0x000000008e600000| PB 0x000000008e600000| Complete 
|  59|0x000000008e700000, 0x000000008e800000, 0x000000008e800000|100%| E|CS|TAMS 0x000000008e700000| PB 0x000000008e700000| Complete 
|  60|0x000000008e800000, 0x000000008e900000, 0x000000008e900000|100%| E|CS|TAMS 0x000000008e800000| PB 0x000000008e800000| Complete 
|  61|0x000000008e900000, 0x000000008ea00000, 0x000000008ea00000|100%| E|CS|TAMS 0x000000008e900000| PB 0x000000008e900000| Complete 
|  62|0x000000008ea00000, 0x000000008eb00000, 0x000000008eb00000|100%| E|CS|TAMS 0x000000008ea00000| PB 0x000000008ea00000| Complete 
|  83|0x000000008ff00000, 0x0000000090000000, 0x0000000090000000|100%| E|CS|TAMS 0x000000008ff00000| PB 0x000000008ff00000| Complete 
|  84|0x0000000090000000, 0x0000000090100000, 0x0000000090100000|100%| E|CS|TAMS 0x0000000090000000| PB 0x0000000090000000| Complete 
|  88|0x0000000090400000, 0x0000000090500000, 0x0000000090500000|100%| E|CS|TAMS 0x0000000090400000| PB 0x0000000090400000| Complete 
|  89|0x0000000090500000, 0x0000000090600000, 0x0000000090600000|100%| E|CS|TAMS 0x0000000090500000| PB 0x0000000090500000| Complete 
|  90|0x0000000090600000, 0x0000000090700000, 0x0000000090700000|100%| E|CS|TAMS 0x0000000090600000| PB 0x0000000090600000| Complete 
| 116|0x0000000092000000, 0x0000000092100000, 0x0000000092100000|100%| E|CS|TAMS 0x0000000092000000| PB 0x0000000092000000| Complete 
| 117|0x0000000092100000, 0x0000000092200000, 0x0000000092200000|100%| E|CS|TAMS 0x0000000092100000| PB 0x0000000092100000| Complete 

Card table byte_map: [0x000001cd2b060000,0x000001cd2b410000] _byte_map_base: 0x000001cd2ac0a000

Marking Bits: (CMBitMap*) 0x000001cd110ea550
 Bits: [0x000001cd2b410000, 0x000001cd2d160000)

Polling page: 0x000001cd11150000

Metaspace:

Usage:
  Non-class:     59.37 MB used.
      Class:      8.96 MB used.
       Both:     68.33 MB used.

Virtual space:
  Non-class space:       64.00 MB reserved,      59.81 MB ( 93%) committed,  1 nodes.
      Class space:        1.00 GB reserved,       9.31 MB ( <1%) committed,  1 nodes.
             Both:        1.06 GB reserved,      69.12 MB (  6%) committed. 

Chunk freelists:
   Non-Class:  3.48 MB
       Class:  6.59 MB
        Both:  10.08 MB

MaxMetaspaceSize: unlimited
CompressedClassSpaceSize: 1.00 GB
Initial GC threshold: 21.00 MB
Current GC threshold: 114.81 MB
CDS: on
 - commit_granule_bytes: 65536.
 - commit_granule_words: 8192.
 - virtual_space_node_default_size: 8388608.
 - enlarge_chunks_in_place: 1.
 - use_allocation_guard: 0.


Internal statistics:

num_allocs_failed_limit: 9.
num_arena_births: 992.
num_arena_deaths: 6.
num_vsnodes_births: 2.
num_vsnodes_deaths: 0.
num_space_committed: 1106.
num_space_uncommitted: 0.
num_chunks_returned_to_freelist: 15.
num_chunks_taken_from_freelist: 3489.
num_chunk_merges: 9.
num_chunk_splits: 2506.
num_chunks_enlarged: 1950.
num_inconsistent_stats: 0.

CodeHeap 'non-profiled nmethods': size=119168Kb used=4825Kb max_used=5181Kb free=114342Kb
 bounds [0x000001cd22880000, 0x000001cd22d90000, 0x000001cd29ce0000]
CodeHeap 'profiled nmethods': size=119104Kb used=12810Kb max_used=13707Kb free=106293Kb
 bounds [0x000001cd1ace0000, 0x000001cd1ba60000, 0x000001cd22130000]
CodeHeap 'non-nmethods': size=7488Kb used=1682Kb max_used=3407Kb free=5805Kb
 bounds [0x000001cd22130000, 0x000001cd22490000, 0x000001cd22880000]
 total_blobs=6782 nmethods=6069 adapters=616
 compilation: enabled
              stopped_count=0, restarted_count=0
 full_count=0

Compilation events (20 events):
Event: 694.646 Thread 0x000001cd2fecb970 9769       3       org.springframework.asm.Type::getDimensions (28 bytes)
Event: 694.648 Thread 0x000001cd2fecb970 nmethod 9769 0x000001cd1b354c10 code [0x000001cd1b354e20, 0x000001cd1b355468]
Event: 694.648 Thread 0x000001cd2fecb970 9766       3       org.springframework.boot.autoconfigure.AutoConfigurationImportSelector$AutoConfigurationGroup$$Lambda/0x000001cd322e0f30::apply (12 bytes)
Event: 694.650 Thread 0x000001cd2fecb970 nmethod 9766 0x000001cd1b6c6d10 code [0x000001cd1b6c6f00, 0x000001cd1b6c7530]
Event: 694.650 Thread 0x000001cd2fecb970 9767       3       org.springframework.boot.autoconfigure.AutoConfigurationImportSelector$AutoConfigurationGroup::lambda$selectImports$1 (22 bytes)
Event: 694.651 Thread 0x000001cd2fecb970 nmethod 9767 0x000001cd1b165990 code [0x000001cd1b165b60, 0x000001cd1b166038]
Event: 694.651 Thread 0x000001cd2fecb970 9768       3       org.springframework.context.annotation.DeferredImportSelector$Group$Entry::<init> (15 bytes)
Event: 694.651 Thread 0x000001cd2fecb970 nmethod 9768 0x000001cd1ae10d10 code [0x000001cd1ae10ec0, 0x000001cd1ae110e0]
Event: 694.815 Thread 0x000001cd2fecb970 9771       3       org.springframework.asm.MethodVisitor::visitAnnotableParameterCount (17 bytes)
Event: 694.816 Thread 0x000001cd2fecb970 nmethod 9771 0x000001cd1b0b0990 code [0x000001cd1b0b0b40, 0x000001cd1b0b0e58]
Event: 695.011 Thread 0x000001cd2fecb970 9773       3       org.springframework.boot.context.properties.bind.BindResult::of (17 bytes)
Event: 695.013 Thread 0x000001cd2fecb970 nmethod 9773 0x000001cd1ae69510 code [0x000001cd1ae696c0, 0x000001cd1ae69988]
Event: 695.030 Thread 0x000001cd2fecb970 9774       3       org.springframework.core.type.StandardClassMetadata::hashCode (8 bytes)
Event: 695.031 Thread 0x000001cd2fecb970 nmethod 9774 0x000001cd1ae1e110 code [0x000001cd1ae1e2c0, 0x000001cd1ae1e4a8]
Event: 695.113 Thread 0x000001cd2fecb970 9775       3       org.springframework.context.annotation.ConfigurationClassParser$DeferredImportSelectorGroupingHandler$$Lambda/0x000001cd322e1170::accept (16 bytes)
Event: 695.114 Thread 0x000001cd2fecb970 nmethod 9775 0x000001cd1adb1110 code [0x000001cd1adb12c0, 0x000001cd1adb1510]
Event: 695.114 Thread 0x000001cd2fecb970 9776   !   3       org.springframework.context.annotation.ConfigurationClassParser$DeferredImportSelectorGroupingHandler::lambda$processGroupImports$1 (86 bytes)
Event: 695.118 Thread 0x000001cd2fecb970 nmethod 9776 0x000001cd1ad9b710 code [0x000001cd1ad9b980, 0x000001cd1ad9c380]
Event: 695.230 Thread 0x000001cd2fecb970 9777       3       org.springframework.beans.factory.support.AbstractBeanDefinition::setLazyInit (9 bytes)
Event: 695.230 Thread 0x000001cd2fecb970 nmethod 9777 0x000001cd1ae2e890 code [0x000001cd1ae2ea40, 0x000001cd1ae2ec58]

GC Heap History (20 events):
Event: 172.977 GC heap before
{Heap before GC invocations=19 (full 1):
 garbage-first heap   total 56320K, used 44205K [0x000000008ac00000, 0x0000000100000000)
  region size 1024K, 18 young (18432K), 3 survivors (3072K)
 Metaspace       used 68274K, committed 68992K, reserved 1114112K
  class space    used 9092K, committed 9408K, reserved 1048576K
}
Event: 172.986 GC heap after
{Heap after GC invocations=20 (full 1):
 garbage-first heap   total 56320K, used 30565K [0x000000008ac00000, 0x0000000100000000)
  region size 1024K, 2 young (2048K), 2 survivors (2048K)
 Metaspace       used 68274K, committed 68992K, reserved 1114112K
  class space    used 9092K, committed 9408K, reserved 1048576K
}
Event: 175.210 GC heap before
{Heap before GC invocations=20 (full 1):
 garbage-first heap   total 56320K, used 45925K [0x000000008ac00000, 0x0000000100000000)
  region size 1024K, 17 young (17408K), 2 survivors (2048K)
 Metaspace       used 68645K, committed 69440K, reserved 1114112K
  class space    used 9136K, committed 9472K, reserved 1048576K
}
Event: 175.216 GC heap after
{Heap after GC invocations=21 (full 1):
 garbage-first heap   total 56320K, used 32271K [0x000000008ac00000, 0x0000000100000000)
  region size 1024K, 3 young (3072K), 3 survivors (3072K)
 Metaspace       used 68645K, committed 69440K, reserved 1114112K
  class space    used 9136K, committed 9472K, reserved 1048576K
}
Event: 176.094 GC heap before
{Heap before GC invocations=21 (full 1):
 garbage-first heap   total 56320K, used 45583K [0x000000008ac00000, 0x0000000100000000)
  region size 1024K, 16 young (16384K), 3 survivors (3072K)
 Metaspace       used 68774K, committed 69504K, reserved 1114112K
  class space    used 9139K, committed 9472K, reserved 1048576K
}
Event: 176.103 GC heap after
{Heap after GC invocations=22 (full 1):
 garbage-first heap   total 56320K, used 33429K [0x000000008ac00000, 0x0000000100000000)
  region size 1024K, 2 young (2048K), 2 survivors (2048K)
 Metaspace       used 68774K, committed 69504K, reserved 1114112K
  class space    used 9139K, committed 9472K, reserved 1048576K
}
Event: 253.433 GC heap before
{Heap before GC invocations=23 (full 1):
 garbage-first heap   total 63488K, used 45717K [0x000000008ac00000, 0x0000000100000000)
  region size 1024K, 15 young (15360K), 2 survivors (2048K)
 Metaspace       used 68907K, committed 69632K, reserved 1114112K
  class space    used 9141K, committed 9472K, reserved 1048576K
}
Event: 253.456 GC heap after
{Heap after GC invocations=24 (full 1):
 garbage-first heap   total 63488K, used 33848K [0x000000008ac00000, 0x0000000100000000)
  region size 1024K, 1 young (1024K), 1 survivors (1024K)
 Metaspace       used 68907K, committed 69632K, reserved 1114112K
  class space    used 9141K, committed 9472K, reserved 1048576K
}
Event: 269.840 GC heap before
{Heap before GC invocations=24 (full 1):
 garbage-first heap   total 63488K, used 53304K [0x000000008ac00000, 0x0000000100000000)
  region size 1024K, 21 young (21504K), 1 survivors (1024K)
 Metaspace       used 68990K, committed 69760K, reserved 1114112K
  class space    used 9146K, committed 9472K, reserved 1048576K
}
Event: 269.852 GC heap after
{Heap after GC invocations=25 (full 1):
 garbage-first heap   total 63488K, used 36023K [0x000000008ac00000, 0x0000000100000000)
  region size 1024K, 3 young (3072K), 3 survivors (3072K)
 Metaspace       used 68990K, committed 69760K, reserved 1114112K
  class space    used 9146K, committed 9472K, reserved 1048576K
}
Event: 270.843 GC heap before
{Heap before GC invocations=25 (full 1):
 garbage-first heap   total 63488K, used 53431K [0x000000008ac00000, 0x0000000100000000)
  region size 1024K, 21 young (21504K), 3 survivors (3072K)
 Metaspace       used 69149K, committed 69888K, reserved 1114112K
  class space    used 9149K, committed 9472K, reserved 1048576K
}
Event: 270.852 GC heap after
{Heap after GC invocations=26 (full 1):
 garbage-first heap   total 63488K, used 38138K [0x000000008ac00000, 0x0000000100000000)
  region size 1024K, 3 young (3072K), 3 survivors (3072K)
 Metaspace       used 69149K, committed 69888K, reserved 1114112K
  class space    used 9149K, committed 9472K, reserved 1048576K
}
Event: 272.408 GC heap before
{Heap before GC invocations=27 (full 1):
 garbage-first heap   total 71680K, used 52474K [0x000000008ac00000, 0x0000000100000000)
  region size 1024K, 18 young (18432K), 3 survivors (3072K)
 Metaspace       used 69569K, committed 70336K, reserved 1114112K
  class space    used 9164K, committed 9536K, reserved 1048576K
}
Event: 272.420 GC heap after
{Heap after GC invocations=28 (full 1):
 garbage-first heap   total 71680K, used 38630K [0x000000008ac00000, 0x0000000100000000)
  region size 1024K, 2 young (2048K), 2 survivors (2048K)
 Metaspace       used 69569K, committed 70336K, reserved 1114112K
  class space    used 9164K, committed 9536K, reserved 1048576K
}
Event: 492.786 GC heap before
{Heap before GC invocations=28 (full 1):
 garbage-first heap   total 71680K, used 62182K [0x000000008ac00000, 0x0000000100000000)
  region size 1024K, 25 young (25600K), 2 survivors (2048K)
 Metaspace       used 69710K, committed 70528K, reserved 1114112K
  class space    used 9165K, committed 9536K, reserved 1048576K
}
Event: 492.965 GC heap after
{Heap after GC invocations=29 (full 1):
 garbage-first heap   total 71680K, used 38336K [0x000000008ac00000, 0x0000000100000000)
  region size 1024K, 3 young (3072K), 3 survivors (3072K)
 Metaspace       used 69710K, committed 70528K, reserved 1114112K
  class space    used 9165K, committed 9536K, reserved 1048576K
}
Event: 676.384 GC heap before
{Heap before GC invocations=29 (full 1):
 garbage-first heap   total 71680K, used 50624K [0x000000008ac00000, 0x0000000100000000)
  region size 1024K, 16 young (16384K), 3 survivors (3072K)
 Metaspace       used 69744K, committed 70528K, reserved 1114112K
  class space    used 9165K, committed 9536K, reserved 1048576K
}
Event: 677.927 GC heap after
{Heap after GC invocations=30 (full 2):
 garbage-first heap   total 71680K, used 27302K [0x000000008ac00000, 0x0000000100000000)
  region size 1024K, 0 young (0K), 0 survivors (0K)
 Metaspace       used 69739K, committed 70528K, reserved 1114112K
  class space    used 9164K, committed 9536K, reserved 1048576K
}
Event: 692.730 GC heap before
{Heap before GC invocations=30 (full 2):
 garbage-first heap   total 71680K, used 59046K [0x000000008ac00000, 0x0000000100000000)
  region size 1024K, 32 young (32768K), 0 survivors (0K)
 Metaspace       used 69867K, committed 70656K, reserved 1114112K
  class space    used 9170K, committed 9536K, reserved 1048576K
}
Event: 692.781 GC heap after
{Heap after GC invocations=31 (full 2):
 garbage-first heap   total 71680K, used 30374K [0x000000008ac00000, 0x0000000100000000)
  region size 1024K, 3 young (3072K), 3 survivors (3072K)
 Metaspace       used 69867K, committed 70656K, reserved 1114112K
  class space    used 9170K, committed 9536K, reserved 1048576K
}

Dll operation events (11 events):
Event: 0.024 Loaded shared library C:\Program Files\Java\jdk-21\bin\java.dll
Event: 0.106 Loaded shared library C:\Program Files\Java\jdk-21\bin\jsvml.dll
Event: 0.245 Loaded shared library C:\Program Files\Java\jdk-21\bin\jimage.dll
Event: 0.257 Loaded shared library C:\Program Files\Java\jdk-21\bin\net.dll
Event: 0.261 Loaded shared library C:\Program Files\Java\jdk-21\bin\nio.dll
Event: 0.265 Loaded shared library C:\Program Files\Java\jdk-21\bin\zip.dll
Event: 0.374 Loaded shared library C:\Program Files\Java\jdk-21\bin\management.dll
Event: 0.393 Loaded shared library C:\Program Files\Java\jdk-21\bin\management_ext.dll
Event: 0.740 Loaded shared library C:\Program Files\Java\jdk-21\bin\extnet.dll
Event: 3.220 Loaded shared library C:\Program Files\Java\jdk-21\bin\sunmscapi.dll
Event: 7.171 Loaded shared library C:\Program Files\Java\jdk-21\bin\verify.dll

Deoptimization events (20 events):
Event: 684.117 Thread 0x000001cd76be9fa0 DEOPT PACKING pc=0x000001cd22d808e4 sp=0x0000006b321fdbf0
Event: 684.117 Thread 0x000001cd76be9fa0 DEOPT UNPACKING pc=0x000001cd221846a2 sp=0x0000006b321fdb90 mode 2
Event: 684.117 Thread 0x000001cd76be9fa0 Uncommon trap: trap_request=0xffffffd6 fr.pc=0x000001cd22d808e4 relative=0x00000000000003a4
Event: 684.117 Thread 0x000001cd76be9fa0 Uncommon trap: reason=array_check action=maybe_recompile pc=0x000001cd22d808e4 method=java.util.LinkedHashMap.valuesToArray([Ljava/lang/Object;Z)[Ljava/lang/Object; @ 67 c2
Event: 684.117 Thread 0x000001cd76be9fa0 DEOPT PACKING pc=0x000001cd22d808e4 sp=0x0000006b321fdbf0
Event: 684.117 Thread 0x000001cd76be9fa0 DEOPT UNPACKING pc=0x000001cd221846a2 sp=0x0000006b321fdb90 mode 2
Event: 684.117 Thread 0x000001cd76be9fa0 Uncommon trap: trap_request=0xffffffd6 fr.pc=0x000001cd22d808e4 relative=0x00000000000003a4
Event: 684.117 Thread 0x000001cd76be9fa0 Uncommon trap: reason=array_check action=maybe_recompile pc=0x000001cd22d808e4 method=java.util.LinkedHashMap.valuesToArray([Ljava/lang/Object;Z)[Ljava/lang/Object; @ 67 c2
Event: 684.117 Thread 0x000001cd76be9fa0 DEOPT PACKING pc=0x000001cd22d808e4 sp=0x0000006b321fdbf0
Event: 684.117 Thread 0x000001cd76be9fa0 DEOPT UNPACKING pc=0x000001cd221846a2 sp=0x0000006b321fdb90 mode 2
Event: 685.111 Thread 0x000001cd76be9fa0 DEOPT PACKING pc=0x000001cd1afe07de sp=0x0000006b321fcf30
Event: 685.111 Thread 0x000001cd76be9fa0 DEOPT UNPACKING pc=0x000001cd22184e42 sp=0x0000006b321fc4b0 mode 0
Event: 685.582 Thread 0x000001cd76be9fa0 Uncommon trap: trap_request=0x000000d7 fr.pc=0x000001cd22d6b6f4 relative=0x0000000000002514
Event: 685.582 Thread 0x000001cd76be9fa0 Uncommon trap: reason=unloaded action=reinterpret pc=0x000001cd22d6b6f4 method=org.springframework.beans.factory.support.AbstractBeanFactory.doGetBean(Ljava/lang/String;Ljava/lang/Class;[Ljava/lang/Object;Z)Ljava/lang/Object; @ 407 c2
Event: 685.582 Thread 0x000001cd76be9fa0 DEOPT PACKING pc=0x000001cd22d6b6f4 sp=0x0000006b321fe980
Event: 685.582 Thread 0x000001cd76be9fa0 DEOPT UNPACKING pc=0x000001cd221846a2 sp=0x0000006b321fe920 mode 2
Event: 693.427 Thread 0x000001cd76be9910 DEOPT PACKING pc=0x000001cd1b2a9c83 sp=0x0000006b321fe380
Event: 693.427 Thread 0x000001cd76be9910 DEOPT UNPACKING pc=0x000001cd22184e42 sp=0x0000006b321fd888 mode 0
Event: 693.428 Thread 0x000001cd76be9910 DEOPT PACKING pc=0x000001cd1b2a9c83 sp=0x0000006b321fe380
Event: 693.428 Thread 0x000001cd76be9910 DEOPT UNPACKING pc=0x000001cd22184e42 sp=0x0000006b321fd888 mode 0

Classes loaded (20 events):
Event: 166.520 Loading class javax/net/ssl/SSLSocket
Event: 166.534 Loading class javax/net/ssl/SSLSocket done
Event: 166.536 Loading class java/security/spec/InvalidKeySpecException
Event: 166.537 Loading class java/security/spec/InvalidKeySpecException done
Event: 166.540 Loading class java/security/spec/KeySpec
Event: 166.540 Loading class java/security/spec/KeySpec done
Event: 166.541 Loading class javax/crypto/NoSuchPaddingException
Event: 166.542 Loading class javax/crypto/NoSuchPaddingException done
Event: 166.543 Loading class javax/crypto/IllegalBlockSizeException
Event: 166.545 Loading class javax/crypto/IllegalBlockSizeException done
Event: 166.552 Loading class javax/crypto/BadPaddingException
Event: 166.554 Loading class javax/crypto/BadPaddingException done
Event: 166.943 Loading class java/util/WeakHashMap$KeyIterator
Event: 166.947 Loading class java/util/WeakHashMap$HashIterator
Event: 166.953 Loading class java/util/WeakHashMap$HashIterator done
Event: 166.953 Loading class java/util/WeakHashMap$KeyIterator done
Event: 167.968 Loading class java/lang/ref/Finalizer$2
Event: 167.970 Loading class java/lang/ref/Finalizer$2 done
Event: 167.970 Loading class java/lang/ref/Finalizer$1
Event: 167.974 Loading class java/lang/ref/Finalizer$1 done

Classes unloaded (3 events):
Event: 271.019 Thread 0x000001cd2fe93b70 Unloading class 0x000001cd3294c800 'org/apache/catalina/loader/JdbcLeakPrevention'
Event: 676.763 Thread 0x000001cd2fe93b70 Unloading class 0x000001cd3295c000 'org/apache/catalina/loader/JdbcLeakPrevention'
Event: 676.763 Thread 0x000001cd2fe93b70 Unloading class 0x000001cd32948000 'org/apache/catalina/loader/JdbcLeakPrevention'

Classes redefined (0 events):
No events

Internal exceptions (20 events):
Event: 270.315 Thread 0x000001cd7ac9f5e0 Exception <a 'java/io/FileNotFoundException'{0x000000008e0684e8}> (0x000000008e0684e8) 
thrown [s\open\src\hotspot\share\prims\jni.cpp, line 520]
Event: 270.355 Thread 0x000001cd7ac9f5e0 Exception <a 'java/io/FileNotFoundException'{0x000000008de12db0}> (0x000000008de12db0) 
thrown [s\open\src\hotspot\share\prims\jni.cpp, line 520]
Event: 271.900 Thread 0x000001cd7ac9f5e0 Implicit null exception at 0x000001cd22ad6b67 to 0x000001cd22ad794c
Event: 272.072 Thread 0x000001cd7ac9f5e0 Implicit null exception at 0x000001cd22ad3a6b to 0x000001cd22ad47f8
Event: 293.171 Thread 0x000001cd7aca30f0 Implicit null exception at 0x000001cd22cf910b to 0x000001cd22cf929c
Event: 293.204 Thread 0x000001cd7aca30f0 Exception <a 'sun/nio/fs/WindowsException'{0x000000008e87be68}> (0x000000008e87be68) 
thrown [s\open\src\hotspot\share\prims\jni.cpp, line 520]
Event: 676.341 Thread 0x000001cd7ac9ce80 Exception <a 'java/lang/InterruptedException'{0x000000008e5321c0}: sleep interrupted> (0x000000008e5321c0) 
thrown [s\open\src\hotspot\share\prims\jvm.cpp, line 3074]
Event: 678.613 Thread 0x000001cd76be9fa0 Exception <a 'sun/nio/fs/WindowsException'{0x0000000092187100}> (0x0000000092187100) 
thrown [s\open\src\hotspot\share\prims\jni.cpp, line 520]
Event: 684.000 Thread 0x000001cd76be9fa0 Exception <a 'java/lang/NoClassDefFoundError'{0x000000008dbcdd38}: org/flywaydb/core/Flyway> (0x000000008dbcdd38) 
thrown [s\open\src\hotspot\share\oops\constantPool.cpp, line 873]
Event: 684.001 Thread 0x000001cd76be9fa0 Exception <a 'java/lang/NoClassDefFoundError'{0x000000008dbce398}: liquibase/integration/spring/SpringLiquibase> (0x000000008dbce398) 
thrown [s\open\src\hotspot\share\oops\constantPool.cpp, line 873]
Event: 684.019 Thread 0x000001cd76be9fa0 Exception <a 'java/lang/NoClassDefFoundError'{0x000000008dbe9188}: org/jooq/DSLContext> (0x000000008dbe9188) 
thrown [s\open\src\hotspot\share\oops\constantPool.cpp, line 873]
Event: 684.058 Thread 0x000001cd76be9fa0 Exception <a 'java/lang/NoClassDefFoundError'{0x000000008da1d338}: org/springframework/batch/core/repository/JobRepository> (0x000000008da1d338) 
thrown [s\open\src\hotspot\share\oops\constantPool.cpp, line 873]
Event: 684.059 Thread 0x000001cd76be9fa0 Exception <a 'java/lang/NoClassDefFoundError'{0x000000008da1d990}: org/quartz/Scheduler> (0x000000008da1d990) 
thrown [s\open\src\hotspot\share\oops\constantPool.cpp, line 873]
Event: 684.060 Thread 0x000001cd76be9fa0 Exception <a 'java/lang/NoClassDefFoundError'{0x000000008da1e010}: org/springframework/session/jdbc/JdbcIndexedSessionRepository> (0x000000008da1e010) 
thrown [s\open\src\hotspot\share\oops\constantPool.cpp, line 873]
Event: 684.997 Thread 0x000001cd76be9fa0 Exception <a 'java/io/FileNotFoundException'{0x000000008d515658}> (0x000000008d515658) 
thrown [s\open\src\hotspot\share\prims\jni.cpp, line 520]
Event: 685.453 Thread 0x000001cd76be9fa0 Exception <a 'java/io/FileNotFoundException'{0x000000008d4bddc0}> (0x000000008d4bddc0) 
thrown [s\open\src\hotspot\share\prims\jni.cpp, line 520]
Event: 685.634 Thread 0x000001cd76beacc0 Exception <a 'java/lang/InterruptedException'{0x000000008d3a48c8}: sleep interrupted> (0x000000008d3a48c8) 
thrown [s\open\src\hotspot\share\prims\jvm.cpp, line 3074]
Event: 685.671 Thread 0x000001cd76be9fa0 Exception <a 'java/lang/NoClassDefFoundError'{0x000000008d3d0170}: jakarta/validation/ValidationException> (0x000000008d3d0170) 
thrown [s\open\src\hotspot\share\classfile\systemDictionary.cpp, line 301]
Event: 685.676 Thread 0x000001cd76be9fa0 Exception <a 'java/lang/NoClassDefFoundError'{0x000000008d3d1f98}: liquibase/exception/ChangeLogParseException> (0x000000008d3d1f98) 
thrown [s\open\src\hotspot\share\classfile\systemDictionary.cpp, line 301]
Event: 692.647 Thread 0x000001cd76be9910 Exception <a 'sun/nio/fs/WindowsException'{0x000000008d2c5418}> (0x000000008d2c5418) 
thrown [s\open\src\hotspot\share\prims\jni.cpp, line 520]

ZGC Phase Switch (0 events):
No events

VM Operations (20 events):
Event: 683.000 Executing VM operation: Cleanup
Event: 683.001 Executing VM operation: Cleanup done
Event: 684.013 Executing VM operation: Cleanup
Event: 684.013 Executing VM operation: Cleanup done
Event: 685.021 Executing VM operation: Cleanup
Event: 685.030 Executing VM operation: Cleanup done
Event: 686.035 Executing VM operation: Cleanup
Event: 686.035 Executing VM operation: Cleanup done
Event: 687.036 Executing VM operation: Cleanup
Event: 687.036 Executing VM operation: Cleanup done
Event: 692.728 Executing VM operation: G1CollectForAllocation (G1 Evacuation Pause)
Event: 692.783 Executing VM operation: G1CollectForAllocation (G1 Evacuation Pause) done
Event: 692.867 Executing VM operation: G1PauseRemark
Event: 692.919 Executing VM operation: G1PauseRemark done
Event: 692.941 Executing VM operation: G1PauseCleanup
Event: 692.944 Executing VM operation: G1PauseCleanup done
Event: 693.947 Executing VM operation: Cleanup
Event: 694.590 Executing VM operation: Cleanup done
Event: 695.596 Executing VM operation: Cleanup
Event: 695.596 Executing VM operation: Cleanup done

Events (20 events):
Event: 692.909 Thread 0x000001cd2fe93b70 flushing nmethod 0x000001cd229b9c10
Event: 692.909 Thread 0x000001cd2fe93b70 flushing nmethod 0x000001cd229b0d10
Event: 692.909 Thread 0x000001cd2fe93b70 flushing nmethod 0x000001cd2298fc90
Event: 692.910 Thread 0x000001cd2fe93b70 flushing nmethod 0x000001cd2298e490
Event: 692.910 Thread 0x000001cd2fe93b70 flushing nmethod 0x000001cd22936010
Event: 692.910 Thread 0x000001cd2fe93b70 flushing nmethod 0x000001cd2298c710
Event: 692.910 Thread 0x000001cd2fe93b70 flushing nmethod 0x000001cd22930990
Event: 692.910 Thread 0x000001cd2fe93b70 flushing nmethod 0x000001cd22935a10
Event: 692.910 Thread 0x000001cd2fe93b70 flushing nmethod 0x000001cd228f7d10
Event: 692.910 Thread 0x000001cd2fe93b70 flushing nmethod 0x000001cd2289c110
Event: 692.910 Thread 0x000001cd2fe93b70 flushing nmethod 0x000001cd228f2590
Event: 692.910 Thread 0x000001cd2fe93b70 flushing nmethod 0x000001cd228ed010
Event: 692.910 Thread 0x000001cd2fe93b70 flushing nmethod 0x000001cd228e2990
Event: 692.910 Thread 0x000001cd2fe93b70 flushing nmethod 0x000001cd228dfe90
Event: 692.910 Thread 0x000001cd2fe93b70 flushing nmethod 0x000001cd228b3d10
Event: 692.910 Thread 0x000001cd2fe93b70 flushing nmethod 0x000001cd228a6190
Event: 692.910 Thread 0x000001cd2fe93b70 flushing nmethod 0x000001cd22893890
Event: 692.912 Thread 0x000001cd2fe93b70 flushing nmethod 0x000001cd22886390
Event: 693.443 Thread 0x000001cd76be8bf0 Thread added: 0x000001cd76be8bf0
Event: 693.583 Thread 0x000001cd76be8bf0 Thread exited: 0x000001cd76be8bf0


Dynamic libraries:
0x00007ff6f72f0000 - 0x00007ff6f7300000 	C:\Program Files\Java\jdk-21\bin\java.exe
0x00007ffbd7040000 - 0x00007ffbd72a5000 	C:\WINDOWS\SYSTEM32\ntdll.dll
0x00007ffbd5440000 - 0x00007ffbd5509000 	C:\WINDOWS\System32\KERNEL32.DLL
0x00007ffbd43f0000 - 0x00007ffbd47d8000 	C:\WINDOWS\System32\KERNELBASE.dll
0x00007ffbd49c0000 - 0x00007ffbd4b0b000 	C:\WINDOWS\System32\ucrtbase.dll
0x00007ffbaa760000 - 0x00007ffbaa77b000 	C:\Program Files\Java\jdk-21\bin\VCRUNTIME140.dll
0x00007ffbb9800000 - 0x00007ffbb9819000 	C:\Program Files\Java\jdk-21\bin\jli.dll
0x00007ffbd4eb0000 - 0x00007ffbd4f63000 	C:\WINDOWS\System32\ADVAPI32.dll
0x00007ffbd4f70000 - 0x00007ffbd5019000 	C:\WINDOWS\System32\msvcrt.dll
0x00007ffbd5200000 - 0x00007ffbd52a6000 	C:\WINDOWS\System32\sechost.dll
0x00007ffbd57d0000 - 0x00007ffbd58e5000 	C:\WINDOWS\System32\RPCRT4.dll
0x00007ffbd6950000 - 0x00007ffbd6b1a000 	C:\WINDOWS\System32\USER32.dll
0x00007ffbb9820000 - 0x00007ffbb9aba000 	C:\WINDOWS\WinSxS\amd64_microsoft.windows.common-controls_6595b64144ccf1df_6.0.26100.4202_none_3e0698d4e335f517\COMCTL32.dll
0x00007ffbd4190000 - 0x00007ffbd41b7000 	C:\WINDOWS\System32\win32u.dll
0x00007ffbd4de0000 - 0x00007ffbd4e0b000 	C:\WINDOWS\System32\GDI32.dll
0x00007ffbd4880000 - 0x00007ffbd49b7000 	C:\WINDOWS\System32\gdi32full.dll
0x00007ffbd4340000 - 0x00007ffbd43e3000 	C:\WINDOWS\System32\msvcp_win.dll
0x00007ffbcd320000 - 0x00007ffbcd32b000 	C:\WINDOWS\SYSTEM32\VERSION.dll
0x00007ffbd4e70000 - 0x00007ffbd4ea0000 	C:\WINDOWS\System32\IMM32.DLL
0x00007ffbbe830000 - 0x00007ffbbe83c000 	C:\Program Files\Java\jdk-21\bin\vcruntime140_1.dll
0x00007ffb75090000 - 0x00007ffb7511e000 	C:\Program Files\Java\jdk-21\bin\msvcp140.dll
0x00007ffb39490000 - 0x00007ffb3a19d000 	C:\Program Files\Java\jdk-21\bin\server\jvm.dll
0x00007ffbd53c0000 - 0x00007ffbd5434000 	C:\WINDOWS\System32\WS2_32.dll
0x00007ffbd3e40000 - 0x00007ffbd3e9e000 	C:\WINDOWS\SYSTEM32\POWRPROF.dll
0x00007ffbcb3e0000 - 0x00007ffbcb415000 	C:\WINDOWS\SYSTEM32\WINMM.dll
0x00007ffbd3e20000 - 0x00007ffbd3e34000 	C:\WINDOWS\SYSTEM32\UMPDC.dll
0x00007ffbd2ef0000 - 0x00007ffbd2f0b000 	C:\WINDOWS\SYSTEM32\kernel.appcore.dll
0x00007ffbbe3f0000 - 0x00007ffbbe3fa000 	C:\Program Files\Java\jdk-21\bin\jimage.dll
0x00007ffbd19c0000 - 0x00007ffbd1c01000 	C:\WINDOWS\SYSTEM32\DBGHELP.DLL
0x00007ffbd6c60000 - 0x00007ffbd6fe5000 	C:\WINDOWS\System32\combase.dll
0x00007ffbd6b70000 - 0x00007ffbd6c51000 	C:\WINDOWS\System32\OLEAUT32.dll
0x00007ffbb4fd0000 - 0x00007ffbb5009000 	C:\WINDOWS\SYSTEM32\dbgcore.DLL
0x00007ffbd47e0000 - 0x00007ffbd4879000 	C:\WINDOWS\System32\bcryptPrimitives.dll
0x00007ffba7b10000 - 0x00007ffba7b2f000 	C:\Program Files\Java\jdk-21\bin\java.dll
0x00007ffbd5bf0000 - 0x00007ffbd6332000 	C:\WINDOWS\System32\SHELL32.dll
0x00007ffbd41c0000 - 0x00007ffbd4334000 	C:\WINDOWS\System32\wintypes.dll
0x00007ffbd1e10000 - 0x00007ffbd2667000 	C:\WINDOWS\SYSTEM32\windows.storage.dll
0x00007ffbd58f0000 - 0x00007ffbd59e1000 	C:\WINDOWS\System32\SHCORE.dll
0x00007ffbd6340000 - 0x00007ffbd63aa000 	C:\WINDOWS\System32\shlwapi.dll
0x00007ffbd40a0000 - 0x00007ffbd40cf000 	C:\WINDOWS\SYSTEM32\profapi.dll
0x00007ffb72000000 - 0x00007ffb720d7000 	C:\Program Files\Java\jdk-21\bin\jsvml.dll
0x00007ffbbaa00000 - 0x00007ffbbaa10000 	C:\Program Files\Java\jdk-21\bin\net.dll
0x00007ffbcc130000 - 0x00007ffbcc24e000 	C:\WINDOWS\SYSTEM32\WINHTTP.dll
0x00007ffbd34c0000 - 0x00007ffbd352a000 	C:\WINDOWS\system32\mswsock.dll
0x00007ffbaa7d0000 - 0x00007ffbaa7e6000 	C:\Program Files\Java\jdk-21\bin\nio.dll
0x00007ffb9ada0000 - 0x00007ffb9adb8000 	C:\Program Files\Java\jdk-21\bin\zip.dll
0x00007ffbb80f0000 - 0x00007ffbb80fa000 	C:\Program Files\Java\jdk-21\bin\management.dll
0x00007ffbb7950000 - 0x00007ffbb795b000 	C:\Program Files\Java\jdk-21\bin\management_ext.dll
0x00007ffbd59f0000 - 0x00007ffbd59f8000 	C:\WINDOWS\System32\PSAPI.DLL
0x00007ffbb4fb0000 - 0x00007ffbb4fc8000 	C:\WINDOWS\system32\napinsp.dll
0x00007ffbd2a70000 - 0x00007ffbd2b97000 	C:\WINDOWS\SYSTEM32\DNSAPI.dll
0x00007ffbd29d0000 - 0x00007ffbd2a03000 	C:\WINDOWS\SYSTEM32\IPHLPAPI.DLL
0x00007ffbd6ff0000 - 0x00007ffbd6ffa000 	C:\WINDOWS\System32\NSI.dll
0x00007ffbb4e90000 - 0x00007ffbb4ea2000 	C:\WINDOWS\System32\winrnr.dll
0x00007ffbb4dc0000 - 0x00007ffbb4df0000 	C:\WINDOWS\system32\nlansp_c.dll
0x00007ffbc8e90000 - 0x00007ffbc8eb0000 	C:\WINDOWS\system32\wshbth.dll
0x00007ffbcb3d0000 - 0x00007ffbcb3db000 	C:\Windows\System32\rasadhlp.dll
0x00007ffbcdc50000 - 0x00007ffbcdcd6000 	C:\WINDOWS\System32\fwpuclnt.dll
0x00007ffbd3770000 - 0x00007ffbd378b000 	C:\WINDOWS\SYSTEM32\CRYPTSP.dll
0x00007ffbd2eb0000 - 0x00007ffbd2eea000 	C:\WINDOWS\system32\rsaenh.dll
0x00007ffbd3560000 - 0x00007ffbd358b000 	C:\WINDOWS\SYSTEM32\USERENV.dll
0x00007ffbd4070000 - 0x00007ffbd4096000 	C:\WINDOWS\SYSTEM32\bcrypt.dll
0x00007ffbd3790000 - 0x00007ffbd379c000 	C:\WINDOWS\SYSTEM32\CRYPTBASE.dll
0x00007ffbb93b0000 - 0x00007ffbb93b9000 	C:\Program Files\Java\jdk-21\bin\extnet.dll
0x00007ffbbe610000 - 0x00007ffbbe61e000 	C:\Program Files\Java\jdk-21\bin\sunmscapi.dll
0x00007ffbd4ba0000 - 0x00007ffbd4d17000 	C:\WINDOWS\System32\CRYPT32.dll
0x00007ffbd3a00000 - 0x00007ffbd3a30000 	C:\WINDOWS\SYSTEM32\ncrypt.dll
0x00007ffbd39b0000 - 0x00007ffbd39ef000 	C:\WINDOWS\SYSTEM32\NTASN1.dll
0x00007ffbba660000 - 0x00007ffbba670000 	C:\Program Files\Java\jdk-21\bin\verify.dll
0x00007ffbaf150000 - 0x00007ffbaf158000 	C:\WINDOWS\system32\wshunix.dll

dbghelp: loaded successfully - version: 4.0.5 - missing functions: none
symbol engine: initialized successfully - sym options: 0x614 - pdb path: .;C:\Program Files\Java\jdk-21\bin;C:\WINDOWS\SYSTEM32;C:\WINDOWS\WinSxS\amd64_microsoft.windows.common-controls_6595b64144ccf1df_6.0.26100.4202_none_3e0698d4e335f517;C:\Program Files\Java\jdk-21\bin\server

VM Arguments:
jvm_args: -Dcom.sun.management.jmxremote -Dcom.sun.management.jmxremote.port=64021 -Dcom.sun.management.jmxremote.authenticate=false -Dcom.sun.management.jmxremote.ssl=false -Dspring.jmx.enabled=true -Djava.rmi.server.hostname=localhost -Dspring.application.admin.enabled=true -Dspring.boot.project.name=demo -XX:+ShowCodeDetailsInExceptionMessages 
java_command: com.example.demo.BmsApplication
java_class_path (initial): C:\Users\arbaj\Downloads\demo\demo\demo\target\classes;C:\Users\arbaj\.m2\repository\org\springframework\boot\spring-boot-starter-data-jpa\3.5.0\spring-boot-starter-data-jpa-3.5.0.jar;C:\Users\arbaj\.m2\repository\org\springframework\boot\spring-boot-starter\3.5.0\spring-boot-starter-3.5.0.jar;C:\Users\arbaj\.m2\repository\org\springframework\boot\spring-boot-starter-logging\3.5.0\spring-boot-starter-logging-3.5.0.jar;C:\Users\arbaj\.m2\repository\ch\qos\logback\logback-classic\1.5.18\logback-classic-1.5.18.jar;C:\Users\arbaj\.m2\repository\ch\qos\logback\logback-core\1.5.18\logback-core-1.5.18.jar;C:\Users\arbaj\.m2\repository\org\apache\logging\log4j\log4j-to-slf4j\2.24.3\log4j-to-slf4j-2.24.3.jar;C:\Users\arbaj\.m2\repository\org\apache\logging\log4j\log4j-api\2.24.3\log4j-api-2.24.3.jar;C:\Users\arbaj\.m2\repository\org\slf4j\jul-to-slf4j\2.0.17\jul-to-slf4j-2.0.17.jar;C:\Users\arbaj\.m2\repository\jakarta\annotation\jakarta.annotation-api\2.1.1\jakarta.annotation-api-2.1.1.jar;C:\Users\arbaj\.m2\repository\org\yaml\snakeyaml\2.4\snakeyaml-2.4.jar;C:\Users\arbaj\.m2\repository\org\springframework\boot\spring-boot-starter-jdbc\3.5.0\spring-boot-starter-jdbc-3.5.0.jar;C:\Users\arbaj\.m2\repository\com\zaxxer\HikariCP\6.3.0\HikariCP-6.3.0.jar;C:\Users\arbaj\.m2\repository\org\springframework\spring-jdbc\6.2.7\spring-jdbc-6.2.7.jar;C:\Users\arbaj\.m2\repository\org\hibernate\orm\hibernate-core\6.6.15.Final\hibernate-core-6.6.15.Final.jar;C:\Users\arbaj\.m2\repository\jakarta\persistence\jakarta.persistence-api\3.1.0\jakarta.persistence-api-3.1.0.jar;C:\Users\arbaj\.m2\repository\jakarta\transaction\jakarta.transaction-api\2.0.1\jakarta.transaction-api-2.0.1.jar;C:\Users\arbaj\.m2\repository\org\jboss\logging\jboss-logging\3.6.1.Final\jboss-logging-3.6.1.Final.jar;C:\Users\arbaj\.m2\repository\org\hibernate\common\hibernate-commons-annotations\7.0.3.Final\hibernate-commons-annotations-7.0.3.Final.jar;C:\Users\arbaj\.m2\repository\io\smallrye\jandex\3.2.0\jandex-3.2.0.jar;C:\Users\arbaj\.m2\repository\com\fasterxml\classmate\1.7.0\classmate-1.7.0.jar;C:\Users\arbaj\.m2\repository\net\bytebuddy\byte-buddy\1.17.5\byte-buddy-1.17.5.jar;C:\Users\arbaj\.m2\repository\org\glassfish\jaxb\jaxb-runtime\4.0.5\jaxb-runtime-4.0.5.jar;C:\Users\arbaj\.m2\repository\org\glassfish\jaxb\jaxb-core\4.0.5\jaxb-core-4.0.5.jar;C:\Users\arbaj\.m2\repository\org\glassfish\jaxb\txw2\4.0.5\txw2-4.0.5.jar;C:\Users\arbaj\.m2\repository\com\sun\istack\istack-commons-runtime\4.1.2\istack-commons-runtime-4.1.2.jar;C:\Users\arbaj\.m2\repository\jakarta\inject\jakarta.inject-api\2.0.1\jakarta.inject-api-2.0.1.jar;C:\Users\arbaj\.m2\repository\org\antlr\antlr4-runtime\4.13.0\antlr4-runtime-4.13.0.jar;C:\Users\arbaj\.m2\repository\org\springframework\data\spring-data-jpa\3.5.0\spring-data-jpa-3.5.0.jar;C:\Users\arbaj\.m2\repository\org\springframework\data\spring-data-commons\3.5.0\spring-data-commons-3.5.0.jar;C:\Users\arbaj\.m2\repository\org\springframework\spring-orm\6.2.7\spring-orm-6.2.7.jar;C:\Users\arbaj\.m2\repository\org\springframework\spring-context\6.2.7\spring-context-6.2.7.jar;C:\Users\arbaj\.m2\repository\org\springframework\spring-aop\6.2.7\spring-aop-6.2.7.jar;C:\Users\arbaj\.m2\repository\org\springframework\spring-tx\6.2.7\spring-tx-6.2.7.jar;C:\Users\arbaj\.m2\repository\org\springframework\spring-beans\6.2.7\spring-beans-6.2.7.jar;C:\Users\arbaj\.m2\repository\org\slf4j\slf4j-api\2.0.17\slf4j-api-2.0.17.jar;C:\Users\arbaj\.m2\repository\org\springframework\spring-aspects\6.2.7\spring-aspects-6.2.7.jar;C:\Users\arbaj\.m2\repository\org\aspectj\aspectjweaver\1.9.24\aspectjweaver-1.9.24.jar;C:\Users\arbaj\.m2\repository\org\springframework\boot\spring-boot-starter-web\3.5.0\spring-boot-starter-web-3.5.0.jar;C:\Users\arbaj\.m2\repository\org\springframework\boot\spring-boot-starter-json\3.5.0\spring-boot-starter-json-3.5.0.jar;C:\Users\arbaj\.m2\repository\com\fasterxml\jackson\core\jackson-databind\2.19.0\jackson-databind-2.19.0.jar;C:\Users\arbaj\.m2\repository\com\fasterxml\jackson\core\jackson-annotations\2.19.0\jackson-annotations-2.19.0.jar;C:\Users\arbaj\.m2\repository\com\fasterxml\jackson\core\jackson-core\2.19.0\jackson-core-2.19.0.jar;C:\Users\arbaj\.m2\repository\com\fasterxml\jackson\datatype\jackson-datatype-jdk8\2.19.0\jackson-datatype-jdk8-2.19.0.jar;C:\Users\arbaj\.m2\repository\com\fasterxml\jackson\datatype\jackson-datatype-jsr310\2.19.0\jackson-datatype-jsr310-2.19.0.jar;C:\Users\arbaj\.m2\repository\com\fasterxml\jackson\module\jackson-module-parameter-names\2.19.0\jackson-module-parameter-names-2.19.0.jar;C:\Users\arbaj\.m2\repository\org\springframework\boot\spring-boot-starter-tomcat\3.5.0\spring-boot-starter-tomcat-3.5.0.jar;C:\Users\arbaj\.m2\repository\org\apache\tomcat\embed\tomcat-embed-core\10.1.41\tomcat-embed-core-10.1.41.jar;C:\Users\arbaj\.m2\repository\org\apache\tomcat\embed\tomcat-embed-el\10.1.41\tomcat-embed-el-10.1.41.jar;C:\Users\arbaj\.m2\repository\org\apache\tomcat\embed\tomcat-embed-websocket\10.1.41\tomcat-embed-websocket-10.1.41.jar;C:\Users\arbaj\.m2\repository\org\springframework\spring-web\6.2.7\spring-web-6.2.7.jar;C:\Users\arbaj\.m2\repository\io\micrometer\micrometer-observation\1.15.0\micrometer-observation-1.15.0.jar;C:\Users\arbaj\.m2\repository\io\micrometer\micrometer-commons\1.15.0\micrometer-commons-1.15.0.jar;C:\Users\arbaj\.m2\repository\org\springframework\spring-webmvc\6.2.7\spring-webmvc-6.2.7.jar;C:\Users\arbaj\.m2\repository\org\springframework\spring-expression\6.2.7\spring-expression-6.2.7.jar;C:\Users\arbaj\.m2\repository\org\springframework\boot\spring-boot-devtools\3.5.0\spring-boot-devtools-3.5.0.jar;C:\Users\arbaj\.m2\repository\org\springframework\boot\spring-boot\3.5.0\spring-boot-3.5.0.jar;C:\Users\arbaj\.m2\repository\org\springframework\boot\spring-boot-autoconfigure\3.5.0\spring-boot-autoconfigure-3.5.0.jar;C:\Users\arbaj\.m2\repository\com\mysql\mysql-connector-j\9.2.0\mysql-connector-j-9.2.0.jar;C:\Users\arbaj\.m2\repository\jakarta\xml\bind\jakarta.xml.bind-api\4.0.2\jakarta.xml.bind-api-4.0.2.jar;C:\Users\arbaj\.m2\repository\jakarta\activation\jakarta.activation-api\2.1.3\jakarta.activation-api-2.1.3.jar;C:\Users\arbaj\.m2\repository\org\springframework\spring-core\6.2.7\spring-core-6.2.7.jar;C:\Users\arbaj\.m2\repository\org\springframework\spring-jcl\6.2.7\spring-jcl-6.2.7.jar;C:\Users\arbaj\.m2\repository\org\projectlombok\lombok\1.18.38\lombok-1.18.38.jar;C:\Users\arbaj\.m2\repository\org\springframework\boot\spring-boot-starter-mail\3.5.0\spring-boot-starter-mail-3.5.0.jar;C:\Users\arbaj\.m2\repository\org\springframework\spring-context-support\6.2.7\spring-context-support-6.2.7.jar;C:\Users\arbaj\.m2\repository\org\eclipse\angus\jakarta.mail\2.0.3\jakarta.mail-2.0.3.jar;C:\Users\arbaj\.m2\repository\org\eclipse\angus\angus-activation\2.0.2\angus-activation-2.0.2.jar
Launcher Type: SUN_STANDARD

[Global flags]
     intx CICompilerCount                          = 12                                        {product} {ergonomic}
     uint ConcGCThreads                            = 3                                         {product} {ergonomic}
     uint G1ConcRefinementThreads                  = 13                                        {product} {ergonomic}
   size_t G1HeapRegionSize                         = 1048576                                   {product} {ergonomic}
    uintx GCDrainStackTargetSize                   = 64                                        {product} {ergonomic}
   size_t InitialHeapSize                          = 123731968                                 {product} {ergonomic}
     bool ManagementServer                         = true                                      {product} {command line}
   size_t MarkStackSize                            = 4194304                                   {product} {ergonomic}
   size_t MaxHeapSize                              = 1967128576                                {product} {ergonomic}
   size_t MaxNewSize                               = 1179648000                                {product} {ergonomic}
   size_t MinHeapDeltaBytes                        = 1048576                                   {product} {ergonomic}
   size_t MinHeapSize                              = 8388608                                   {product} {ergonomic}
    uintx NonNMethodCodeHeapSize                   = 7602480                                {pd product} {ergonomic}
    uintx NonProfiledCodeHeapSize                  = 122027880                              {pd product} {ergonomic}
    uintx ProfiledCodeHeapSize                     = 122027880                              {pd product} {ergonomic}
    uintx ReservedCodeCacheSize                    = 251658240                              {pd product} {ergonomic}
     bool SegmentedCodeCache                       = true                                      {product} {ergonomic}
     bool ShowCodeDetailsInExceptionMessages       = true                                   {manageable} {command line}
   size_t SoftMaxHeapSize                          = 1967128576                             {manageable} {ergonomic}
     bool UseCompressedOops                        = true                           {product lp64_product} {ergonomic}
     bool UseG1GC                                  = true                                      {product} {ergonomic}
     bool UseLargePagesIndividualAllocation        = false                                  {pd product} {ergonomic}

Logging:
Log output configuration:
 #0: stdout all=warning uptime,level,tags foldmultilines=false
 #1: stderr all=off uptime,level,tags foldmultilines=false

Environment Variables:
JAVA_HOME=C:\Program Files\Java\jdk-21
PATH=C:\oraclexe\app\oracle\product\11.2.0\server\bin;C:\Program Files\Java\jdk-21\bin;C:\Program Files\Common Files\Oracle\Java\javapath;C:\Windows\system32;C:\Windows;C:\Windows\System32\Wbem;C:\Windows\System32\WindowsPowerShell\v1.0\;C:\Windows\System32\OpenSSH\;C:\Program Files\nodejs;C:\Program Files\nodejs\;C:\Program Files\HP\HP One Agent;D:\GGo1\bin;C:\MinGW\bin;C:\Program Files\MySQL\MySQL Server 9.0\bin;C:\Program Files\MongoDB\Server\7.0\bin;C:\WINDOWS\system32;C:\WINDOWS;C:\WINDOWS\System32\Wbem;C:\WINDOWS\System32\WindowsPowerShell\v1.0\;C:\WINDOWS\System32\OpenSSH\;C:\Program Files\Microsoft VS Code\bin;E:\Git\Git\cmd;C:\Program Files\Git\cmd;C:\Users\arbaj\AppData\Local\Android\Sdk\platform-tools;C:\Program Files\MySQL\MySQL Shell 8.0\bin\;C:\Users\arbaj\AppData\Local\Microsoft\WindowsApps;C:\Program Files\nodejs;C:\Users\arbaj\AppData\Roaming\npm;C:\Users\arbaj\go\bin;C:\Users\arbaj\AppData\Local\Programs\Microsoft VS Code\bin;C:\Users\arbaj\AppData\Local\Programs\mongosh\;C:\PHP;C:\PHP\;C:\Users\arbaj\AppData\Local\Android\Sdk;C:\Users\arbaj\AppData\Local\Android\Sdk\platform-tools;C:\Users\arbaj\AppData\Local\Android\Sdk\emulator;C:\Users\arbaj\Downloads\apache-maven-3.9.9-bin\apache-maven-3.9.9\bin;C:\Users\arbaj\Downloads\apache-maven-3.9.9-bin\apache-maven-3.9.9;D:\Windsurf\bin;D:\flutter_windows_3.29.3-stable\flutter;D:\flutter_windows_3.29.3-stable\flutter\bin
USERNAME=arbaj
LANG=en_US.UTF-8
OS=Windows_NT
PROCESSOR_IDENTIFIER=AMD64 Family 23 Model 104 Stepping 1, AuthenticAMD
TMP=D:\Temp
TEMP=D:\Temp




Periodic native trim disabled

---------------  S Y S T E M  ---------------

OS:
 Windows 11 , 64 bit Build 26100 (10.0.26100.4202)
OS uptime: 4 days 6:21 hours

CPU: total 16 (initial active 16) (16 cores per cpu, 2 threads per core) family 23 model 104 stepping 1 microcode 0x8608104, cx8, cmov, fxsr, ht, mmx, 3dnowpref, sse, sse2, sse3, ssse3, sse4a, sse4.1, sse4.2, popcnt, lzcnt, tsc, tscinvbit, avx, avx2, aes, clmul, bmi1, bmi2, adx, sha, fma, vzeroupper, clflush, clflushopt, rdtscp, rdpid, f16c
Processor Information for all 16 processors :
  Max Mhz: 1801, Current Mhz: 1406, Mhz Limit: 1404

Memory: 4k page, system-wide physical 7501M (55M free)
TotalPageFile size 29958M (AvailPageFile size 5M)
current process WorkingSet (physical memory assigned to process): 185M, peak: 280M
current process commit charge ("private bytes"): 320M, peak: 334M

vm_info: Java HotSpot(TM) 64-Bit Server VM (21.0.3+7-LTS-152) for windows-amd64 JRE (21.0.3+7-LTS-152), built on 2024-03-11T17:42:26Z by "mach5one" with MS VC++ 17.6 (VS2022)

END.
